<?xml version="1.0" encoding="UTF-8"?>
<!-- Generated by org.testng.reporters.JUnitReportReporter -->
<testsuite hostname="DESKTOP-UMA2COD" name="dec12.MavenRestAssured.restXML" tests="1" failures="0" timestamp="27 May 2018 21:10:36 GMT" time="2.969" errors="0">
  <testcase name="xml" time="2.969" classname="dec12.MavenRestAssured.restXML"/>
</testsuite> <!-- dec12.MavenRestAssured.restXML -->
