<?xml version="1.0" encoding="UTF-8"?>
<!-- Generated by org.testng.reporters.JUnitReportReporter -->
<testsuite hostname="DESKTOP-UMA2COD" name="dec12.MavenRestAssured.restGETADVANCED" tests="1" failures="0" timestamp="30 May 2018 20:52:31 GMT" time="5.493" errors="0">
  <testcase name="mrestadvloop" time="5.493" classname="dec12.MavenRestAssured.restGETADVANCED"/>
</testsuite> <!-- dec12.MavenRestAssured.restGETADVANCED -->
