<?xml version="1.0" encoding="UTF-8"?>
<!-- Generated by org.testng.reporters.JUnitReportReporter -->
<testsuite hostname="DESKTOP-UMA2COD" name="dec12.MavenRestAssured.Restfirstscript" tests="1" failures="0" timestamp="30 May 2018 21:03:30 GMT" time="3.329" errors="0">
  <testcase name="testme" time="3.329" classname="dec12.MavenRestAssured.Restfirstscript"/>
</testsuite> <!-- dec12.MavenRestAssured.Restfirstscript -->
