<?xml version="1.0" encoding="UTF-8"?>
<!-- Generated by org.testng.reporters.JUnitReportReporter -->
<testsuite hostname="DESKTOP-UMA2COD" name="dec12.MavenRestAssured.restresponse" tests="1" failures="0" timestamp="30 May 2018 20:45:36 GMT" time="4.915" errors="0">
  <testcase name="respon" time="4.915" classname="dec12.MavenRestAssured.restresponse"/>
</testsuite> <!-- dec12.MavenRestAssured.restresponse -->
