<?xml version="1.0" encoding="UTF-8"?>
<!-- Generated by org.testng.reporters.JUnitReportReporter -->
<testsuite hostname="DESKTOP-UMA2COD" name="dec12.MavenRestAssured.restassuredpost" tests="1" failures="0" timestamp="30 May 2018 20:54:55 GMT" time="1.944" errors="0">
  <testcase name="mtestpost" time="1.944" classname="dec12.MavenRestAssured.restassuredpost"/>
</testsuite> <!-- dec12.MavenRestAssured.restassuredpost -->
